Base path: C:/Program Files/Unity/Editor/Data
Pipe name: \\.\pipe\UnityShaderCompiler-64bit-8-2624
Cmd: getPlatforms
Cmd: compileSnippet
  api=0 type=0 insize=7025 outsize=3194 kw=DIRECTIONAL SHADOWS_SCREEN LIGHTMAP_OFF DIRLIGHTMAP_OFF DYNAMICLIGHTMAP_OFF ok=1
Cmd: compileSnippet
  api=4 type=0 insize=7025 outsize=3411 kw=DIRECTIONAL SHADOWS_SCREEN LIGHTMAP_OFF DIRLIGHTMAP_OFF DYNAMICLIGHTMAP_ON VERTEXLIGHT_ON ok=1
Cmd: compileSnippet
  api=8 type=0 insize=7025 outsize=8645 kw=DIRECTIONAL SHADOWS_SCREEN SHADOWS_NATIVE LIGHTMAP_OFF DIRLIGHTMAP_OFF DYNAMICLIGHTMAP_OFF VERTEXLIGHT_ON ok=1
Cmd: compileSnippet
  api=0 type=1 insize=7025 outsize=6 kw=DIRECTIONAL SHADOWS_OFF LIGHTMAP_OFF DIRLIGHTMAP_OFF DYNAMICLIGHTMAP_ON ok=1
Cmd: compileSnippet
  api=4 type=1 insize=7025 outsize=2988 kw=DIRECTIONAL SHADOWS_SCREEN LIGHTMAP_OFF DIRLIGHTMAP_OFF DYNAMICLIGHTMAP_ON ok=1
Cmd: compileSnippet
  api=1 type=0 insize=3820 outsize=339 kw=SPOT ok=1
Cmd: compileSnippet
  api=0 type=0 insize=3820 outsize=2278 kw=POINT_COOKIE ok=1
Cmd: compileSnippet
  api=1 type=1 insize=3820 outsize=862 kw=SPOT ok=1
Cmd: compileSnippet
  api=4 type=1 insize=3820 outsize=2607 kw=DIRECTIONAL_COOKIE ok=1
Cmd: compileSnippet
  api=1 type=1 insize=2892 outsize=106 kw= ok=1
Cmd: compileSnippet
  api=4 type=0 insize=6064 outsize=4207 kw=LIGHTMAP_OFF DIRLIGHTMAP_OFF DYNAMICLIGHTMAP_ON HDR_LIGHT_PREPASS_OFF ok=1
Cmd: compileSnippet
  api=8 type=0 insize=6064 outsize=5810 kw=LIGHTMAP_OFF DIRLIGHTMAP_OFF DYNAMICLIGHTMAP_OFF UNITY_HDR_ON ok=1
Cmd: compileSnippet
  api=1 type=1 insize=6064 outsize=363 kw=LIGHTMAP_OFF DIRLIGHTMAP_OFF DYNAMICLIGHTMAP_OFF HDR_LIGHT_PREPASS_OFF ok=1
Cmd: compileSnippet
  api=0 type=1 insize=6064 outsize=6 kw=LIGHTMAP_OFF DIRLIGHTMAP_OFF DYNAMICLIGHTMAP_ON UNITY_HDR_ON ok=1
Cmd: compileSnippet
  api=1 type=1 insize=6064 outsize=562 kw=LIGHTMAP_OFF DIRLIGHTMAP_OFF DYNAMICLIGHTMAP_ON UNITY_HDR_ON ok=1
Cmd: compileSnippet
  api=4 type=0 insize=6143 outsize=3021 kw=LIGHTMAP_OFF DIRLIGHTMAP_OFF DYNAMICLIGHTMAP_ON HDR_LIGHT_PREPASS_OFF ok=1
Cmd: compileSnippet
  api=8 type=0 insize=6143 outsize=5379 kw=LIGHTMAP_OFF DIRLIGHTMAP_OFF DYNAMICLIGHTMAP_OFF UNITY_HDR_ON ok=1
Cmd: compileSnippet
  api=8 type=1 insize=6143 outsize=2422 kw=LIGHTMAP_OFF DIRLIGHTMAP_OFF DYNAMICLIGHTMAP_OFF HDR_LIGHT_PREPASS_OFF ok=1
Cmd: compileSnippet
  api=8 type=0 insize=3083 outsize=3575 kw= ok=1
Cmd: compileSnippet
  api=0 type=0 insize=982 outsize=9844 kw=DIRECTIONAL SHADOWS_SCREEN LIGHTMAP_OFF DIRLIGHTMAP_OFF DYNAMICLIGHTMAP_ON ok=1
Cmd: compileSnippet
  api=1 type=1 insize=982 outsize=3588 kw=DIRECTIONAL SHADOWS_OFF LIGHTMAP_OFF DIRLIGHTMAP_OFF DYNAMICLIGHTMAP_OFF ok=1
Cmd: compileSnippet
  api=0 type=0 insize=938 outsize=5621 kw=DIRECTIONAL SHADOWS_OFF ok=1
Cmd: compileSnippet
  api=0 type=0 insize=938 outsize=6730 kw=POINT SHADOWS_CUBE ok=1
Cmd: compileSnippet
  api=1 type=1 insize=938 outsize=2136 kw=SPOT SHADOWS_OFF ok=1
Cmd: compileSnippet
  api=0 type=1 insize=938 outsize=6 kw=DIRECTIONAL_COOKIE SHADOWS_SCREEN ok=1
Cmd: compileSnippet
  api=1 type=1 insize=938 outsize=2224 kw=POINT SHADOWS_CUBE ok=1
Cmd: compileSnippet
  api=1 type=1 insize=938 outsize=2485 kw=POINT SHADOWS_CUBE SHADOWS_SOFT ok=1
Cmd: compileSnippet
  api=1 type=1 insize=751 outsize=65 kw=SHADOWS_DEPTH ok=1
Cmd: compileSnippet
  api=4 type=0 insize=1152 outsize=3638 kw=LIGHTMAP_OFF DIRLIGHTMAP_OFF DYNAMICLIGHTMAP_ON ok=1
Cmd: compileSnippet
  api=1 type=0 insize=1152 outsize=763 kw=LIGHTMAP_OFF DIRLIGHTMAP_OFF DYNAMICLIGHTMAP_ON UNITY_HDR_ON ok=1
Cmd: compileSnippet
  api=1 type=1 insize=1152 outsize=2392 kw=LIGHTMAP_OFF DIRLIGHTMAP_OFF DYNAMICLIGHTMAP_OFF ok=1
Cmd: compileSnippet
  api=8 type=1 insize=530 outsize=3080 kw= ok=1
Cmd: compileSnippet
  api=1 type=0 insize=886 outsize=763 kw=DIRECTIONAL SHADOWS_OFF LIGHTMAP_OFF DIRLIGHTMAP_OFF DYNAMICLIGHTMAP_ON ok=1
Cmd: compileSnippet
  api=1 type=0 insize=886 outsize=979 kw=DIRECTIONAL SHADOWS_SCREEN LIGHTMAP_OFF DIRLIGHTMAP_OFF DYNAMICLIGHTMAP_OFF ok=1
Cmd: compileSnippet
  api=0 type=0 insize=886 outsize=6050 kw=DIRECTIONAL SHADOWS_OFF LIGHTMAP_OFF DIRLIGHTMAP_OFF DYNAMICLIGHTMAP_OFF VERTEXLIGHT_ON ok=1
Cmd: compileSnippet
  api=0 type=1 insize=886 outsize=6 kw=DIRECTIONAL SHADOWS_OFF LIGHTMAP_OFF DIRLIGHTMAP_OFF DYNAMICLIGHTMAP_OFF ok=1
Cmd: compileSnippet
  api=4 type=1 insize=886 outsize=4321 kw=DIRECTIONAL SHADOWS_SCREEN LIGHTMAP_OFF DIRLIGHTMAP_OFF DYNAMICLIGHTMAP_OFF ok=1
Cmd: compileSnippet
  api=1 type=0 insize=816 outsize=871 kw=POINT SHADOWS_OFF ok=1
Cmd: compileSnippet
  api=1 type=0 insize=816 outsize=890 kw=SPOT SHADOWS_OFF ok=1
Cmd: compileSnippet
  api=4 type=0 insize=816 outsize=5020 kw=POINT_COOKIE SHADOWS_OFF ok=1
Cmd: compileSnippet
  api=4 type=0 insize=816 outsize=4865 kw=DIRECTIONAL_COOKIE SHADOWS_OFF ok=1
Cmd: compileSnippet
  api=1 type=0 insize=816 outsize=967 kw=SPOT SHADOWS_DEPTH SHADOWS_NATIVE ok=1
Cmd: compileSnippet
  api=8 type=0 insize=816 outsize=7865 kw=SPOT SHADOWS_DEPTH SHADOWS_NATIVE ok=1
Cmd: compileSnippet
  api=0 type=0 insize=816 outsize=5176 kw=DIRECTIONAL_COOKIE SHADOWS_SCREEN ok=1
Cmd: compileSnippet
  api=1 type=1 insize=816 outsize=724 kw=DIRECTIONAL SHADOWS_OFF ok=1
Cmd: compileSnippet
  api=8 type=1 insize=816 outsize=5070 kw=SPOT SHADOWS_OFF ok=1
Cmd: compileSnippet
  api=4 type=1 insize=816 outsize=3143 kw=DIRECTIONAL_COOKIE SHADOWS_SCREEN ok=1
Cmd: compileSnippet
  api=8 type=1 insize=816 outsize=4591 kw=DIRECTIONAL SHADOWS_SCREEN SHADOWS_NATIVE ok=1
Cmd: compileSnippet
  api=8 type=0 insize=600 outsize=2040 kw=SHADOWS_CUBE ok=1
Cmd: compileSnippet
  api=0 type=1 insize=600 outsize=6 kw=SHADOWS_CUBE ok=1
Cmd: compileSnippet
  api=1 type=0 insize=530 outsize=567 kw= ok=1
Cmd: compileSnippet
  api=8 type=0 insize=1705 outsize=2966 kw=SOFTPARTICLES_ON ok=1
Cmd: compileSnippet
  api=1 type=1 insize=1705 outsize=349 kw=SOFTPARTICLES_ON ok=1
Cmd: compileSnippet
  api=0 type=0 insize=1482 outsize=1298 kw=SOFTPARTICLES_ON ok=1
Cmd: compileSnippet
  api=0 type=1 insize=1482 outsize=6 kw=SOFTPARTICLES_ON ok=1
Cmd: compileSnippet
  api=0 type=0 insize=6920 outsize=2345 kw=DIRECTIONAL SHADOWS_OFF LIGHTMAP_OFF DIRLIGHTMAP_OFF DYNAMICLIGHTMAP_OFF ok=1
Cmd: compileSnippet
  api=0 type=0 insize=6920 outsize=2567 kw=DIRECTIONAL SHADOWS_SCREEN LIGHTMAP_OFF DIRLIGHTMAP_OFF DYNAMICLIGHTMAP_ON VERTEXLIGHT_ON ok=1
Cmd: compileSnippet
  api=1 type=1 insize=6920 outsize=510 kw=DIRECTIONAL SHADOWS_OFF LIGHTMAP_OFF DIRLIGHTMAP_OFF DYNAMICLIGHTMAP_ON ok=1
Cmd: compileSnippet
  api=8 type=1 insize=6920 outsize=2722 kw=DIRECTIONAL SHADOWS_SCREEN SHADOWS_NATIVE LIGHTMAP_OFF DIRLIGHTMAP_OFF DYNAMICLIGHTMAP_OFF ok=1
Cmd: compileSnippet
  api=8 type=0 insize=3732 outsize=4071 kw=DIRECTIONAL ok=1
Cmd: compileSnippet
  api=0 type=0 insize=3732 outsize=1948 kw=POINT_COOKIE ok=1
Cmd: compileSnippet
  api=0 type=1 insize=3732 outsize=6 kw=POINT ok=1
Cmd: compileSnippet
  api=8 type=1 insize=3732 outsize=1796 kw=DIRECTIONAL ok=1
Cmd: compileSnippet
  api=4 type=1 insize=3732 outsize=1729 kw=DIRECTIONAL_COOKIE ok=1
Cmd: compileSnippet
  api=1 type=1 insize=2816 outsize=106 kw= ok=1
Cmd: compileSnippet
  api=4 type=0 insize=6059 outsize=4353 kw=LIGHTMAP_OFF DIRLIGHTMAP_OFF DYNAMICLIGHTMAP_ON HDR_LIGHT_PREPASS_OFF ok=1
Cmd: compileSnippet
  api=0 type=0 insize=6059 outsize=3205 kw=LIGHTMAP_OFF DIRLIGHTMAP_OFF DYNAMICLIGHTMAP_ON UNITY_HDR_ON ok=1
Cmd: compileSnippet
  api=4 type=1 insize=6059 outsize=1900 kw=LIGHTMAP_OFF DIRLIGHTMAP_OFF DYNAMICLIGHTMAP_ON HDR_LIGHT_PREPASS_OFF ok=1
Cmd: compileSnippet
  api=1 type=0 insize=6013 outsize=620 kw=LIGHTMAP_OFF DIRLIGHTMAP_OFF DYNAMICLIGHTMAP_OFF HDR_LIGHT_PREPASS_OFF ok=1
Cmd: compileSnippet
  api=4 type=0 insize=6013 outsize=3931 kw=LIGHTMAP_OFF DIRLIGHTMAP_OFF DYNAMICLIGHTMAP_OFF UNITY_HDR_ON ok=1
Cmd: compileSnippet
  api=0 type=1 insize=6013 outsize=6 kw=LIGHTMAP_OFF DIRLIGHTMAP_OFF DYNAMICLIGHTMAP_OFF HDR_LIGHT_PREPASS_OFF ok=1
Cmd: compileSnippet
  api=4 type=1 insize=6013 outsize=1623 kw=LIGHTMAP_OFF DIRLIGHTMAP_OFF DYNAMICLIGHTMAP_OFF UNITY_HDR_ON ok=1
Cmd: compileSnippet
  api=1 type=0 insize=3081 outsize=500 kw= ok=1
Cmd: compileSnippet
  api=0 type=0 insize=7111 outsize=4111 kw=DIRECTIONAL SHADOWS_OFF LIGHTMAP_OFF DIRLIGHTMAP_OFF DYNAMICLIGHTMAP_OFF ok=1
Cmd: compileSnippet
  api=0 type=0 insize=7111 outsize=5554 kw=DIRECTIONAL SHADOWS_SCREEN LIGHTMAP_OFF DIRLIGHTMAP_OFF DYNAMICLIGHTMAP_OFF VERTEXLIGHT_ON ok=1
Cmd: compileSnippet
  api=0 type=1 insize=7111 outsize=6 kw=DIRECTIONAL SHADOWS_OFF LIGHTMAP_OFF DIRLIGHTMAP_OFF DYNAMICLIGHTMAP_ON ok=1
Cmd: compileSnippet
  api=1 type=1 insize=7111 outsize=375 kw=DIRECTIONAL SHADOWS_SCREEN LIGHTMAP_OFF DIRLIGHTMAP_OFF DYNAMICLIGHTMAP_OFF ok=1
Cmd: compileSnippet
  api=8 type=1 insize=7111 outsize=2974 kw=DIRECTIONAL SHADOWS_SCREEN SHADOWS_NATIVE LIGHTMAP_OFF DIRLIGHTMAP_OFF DYNAMICLIGHTMAP_OFF ok=1
Cmd: compileSnippet
  api=8 type=0 insize=3923 outsize=7979 kw=DIRECTIONAL ok=1
Cmd: compileSnippet
  api=1 type=0 insize=3923 outsize=1552 kw=POINT_COOKIE ok=1
Cmd: compileSnippet
  api=8 type=0 insize=3923 outsize=7979 kw=POINT_COOKIE ok=1
Cmd: compileSnippet
  api=4 type=1 insize=3923 outsize=2176 kw=POINT ok=1
Cmd: compileSnippet
  api=4 type=1 insize=3923 outsize=2363 kw=POINT_COOKIE ok=1
Cmd: compileSnippet
  api=8 type=0 insize=3249 outsize=7979 kw= ok=1
Cmd: compileSnippet
  api=4 type=0 insize=6251 outsize=6580 kw=LIGHTMAP_OFF DIRLIGHTMAP_OFF DYNAMICLIGHTMAP_OFF HDR_LIGHT_PREPASS_OFF ok=1
Cmd: compileSnippet
  api=8 type=0 insize=6251 outsize=9897 kw=LIGHTMAP_OFF DIRLIGHTMAP_OFF DYNAMICLIGHTMAP_OFF UNITY_HDR_ON ok=1
Cmd: compileSnippet
  api=4 type=1 insize=6251 outsize=1591 kw=LIGHTMAP_OFF DIRLIGHTMAP_OFF DYNAMICLIGHTMAP_OFF HDR_LIGHT_PREPASS_OFF ok=1
Cmd: compileSnippet
  api=1 type=1 insize=6251 outsize=541 kw=LIGHTMAP_OFF DIRLIGHTMAP_OFF DYNAMICLIGHTMAP_ON UNITY_HDR_ON ok=1
Cmd: compileSnippet
  api=4 type=0 insize=6204 outsize=5483 kw=LIGHTMAP_OFF DIRLIGHTMAP_OFF DYNAMICLIGHTMAP_ON HDR_LIGHT_PREPASS_OFF ok=1
Cmd: compileSnippet
  api=8 type=0 insize=6204 outsize=9409 kw=LIGHTMAP_OFF DIRLIGHTMAP_OFF DYNAMICLIGHTMAP_OFF UNITY_HDR_ON ok=1
Cmd: compileSnippet
  api=8 type=1 insize=6204 outsize=2665 kw=LIGHTMAP_OFF DIRLIGHTMAP_OFF DYNAMICLIGHTMAP_OFF HDR_LIGHT_PREPASS_OFF ok=1
Cmd: compileSnippet
  api=0 type=0 insize=3054 outsize=2557 kw=SHADOWS_CUBE ok=1
Cmd: compileSnippet
  api=1 type=1 insize=3054 outsize=187 kw=SHADOWS_CUBE ok=1
Cmd: compileSnippet
  api=0 type=0 insize=7502 outsize=4295 kw=DIRECTIONAL SHADOWS_OFF LIGHTMAP_OFF DIRLIGHTMAP_OFF DYNAMICLIGHTMAP_ON ok=1
Cmd: compileSnippet
  api=1 type=0 insize=7502 outsize=2514 kw=DIRECTIONAL SHADOWS_SCREEN LIGHTMAP_OFF DIRLIGHTMAP_OFF DYNAMICLIGHTMAP_OFF VERTEXLIGHT_ON ok=1
Cmd: compileSnippet
  api=8 type=0 insize=7502 outsize=10888 kw=DIRECTIONAL SHADOWS_SCREEN SHADOWS_NATIVE LIGHTMAP_OFF DIRLIGHTMAP_OFF DYNAMICLIGHTMAP_OFF ok=1
Cmd: compileSnippet
  api=1 type=1 insize=7502 outsize=546 kw=DIRECTIONAL SHADOWS_OFF LIGHTMAP_OFF DIRLIGHTMAP_OFF DYNAMICLIGHTMAP_ON ok=1
Cmd: compileSnippet
  api=1 type=0 insize=4314 outsize=1698 kw=DIRECTIONAL ok=1
Cmd: compileSnippet
  api=4 type=0 insize=4314 outsize=5572 kw=SPOT ok=1
Cmd: compileSnippet
  api=8 type=0 insize=4314 outsize=8540 kw=POINT_COOKIE ok=1
Cmd: compileSnippet
  api=0 type=1 insize=4314 outsize=6 kw=SPOT ok=1
Cmd: compileSnippet
  api=8 type=1 insize=4314 outsize=3908 kw=SPOT ok=1
Cmd: compileSnippet
  api=0 type=0 insize=6642 outsize=4982 kw=LIGHTMAP_OFF DIRLIGHTMAP_OFF DYNAMICLIGHTMAP_OFF UNITY_HDR_ON ok=1
Cmd: compileSnippet
  api=0 type=1 insize=6642 outsize=6 kw=LIGHTMAP_OFF DIRLIGHTMAP_OFF DYNAMICLIGHTMAP_ON HDR_LIGHT_PREPASS_OFF ok=1
Cmd: compileSnippet
  api=8 type=1 insize=6642 outsize=2227 kw=LIGHTMAP_OFF DIRLIGHTMAP_OFF DYNAMICLIGHTMAP_OFF UNITY_HDR_ON ok=1
Cmd: compileSnippet
  api=1 type=0 insize=6595 outsize=1818 kw=LIGHTMAP_OFF DIRLIGHTMAP_OFF DYNAMICLIGHTMAP_ON HDR_LIGHT_PREPASS_OFF ok=1
Cmd: compileSnippet
  api=1 type=0 insize=6595 outsize=1934 kw=LIGHTMAP_OFF DIRLIGHTMAP_OFF DYNAMICLIGHTMAP_OFF UNITY_HDR_ON ok=1
Cmd: compileSnippet
  api=1 type=0 insize=6595 outsize=1818 kw=LIGHTMAP_OFF DIRLIGHTMAP_OFF DYNAMICLIGHTMAP_ON UNITY_HDR_ON ok=1
Cmd: compileSnippet
  api=1 type=1 insize=6595 outsize=402 kw=LIGHTMAP_OFF DIRLIGHTMAP_OFF DYNAMICLIGHTMAP_OFF HDR_LIGHT_PREPASS_OFF ok=1
Cmd: compileSnippet
  api=0 type=1 insize=6595 outsize=6 kw=LIGHTMAP_OFF DIRLIGHTMAP_OFF DYNAMICLIGHTMAP_ON UNITY_HDR_ON ok=1
Cmd: compileSnippet
  api=0 type=0 insize=3445 outsize=4543 kw=SHADOWS_DEPTH ok=1
Cmd: compileSnippet
  api=4 type=1 insize=3445 outsize=1217 kw=SHADOWS_CUBE ok=1
Cmd: compileSnippet
  api=1 type=1 insize=3663 outsize=407 kw= ok=1
Cmd: compileSnippet
  api=0 type=0 insize=63853 outsize=4126 kw=DIRECTIONAL SHADOWS_SCREEN LIGHTMAP_OFF DIRLIGHTMAP_OFF DYNAMICLIGHTMAP_OFF ok=1
Cmd: compileSnippet
  api=4 type=0 insize=63853 outsize=3915 kw=DIRECTIONAL SHADOWS_SCREEN LIGHTMAP_OFF DIRLIGHTMAP_OFF DYNAMICLIGHTMAP_ON VERTEXLIGHT_ON ok=1
Cmd: compileSnippet
  api=4 type=0 insize=63853 outsize=4735 kw=DIRECTIONAL SHADOWS_OFF LIGHTMAP_OFF DIRLIGHTMAP_OFF DYNAMICLIGHTMAP_ON _TERRAIN_NORMAL_MAP ok=1
Cmd: compileSnippet
  api=0 type=0 insize=63853 outsize=5454 kw=DIRECTIONAL SHADOWS_SCREEN LIGHTMAP_OFF DIRLIGHTMAP_OFF DYNAMICLIGHTMAP_ON _TERRAIN_NORMAL_MAP ok=1
Cmd: compileSnippet
  api=1 type=1 insize=63853 outsize=911 kw=DIRECTIONAL SHADOWS_OFF LIGHTMAP_OFF DIRLIGHTMAP_OFF DYNAMICLIGHTMAP_ON ok=1
Cmd: compileSnippet
  api=0 type=1 insize=63853 outsize=6 kw=DIRECTIONAL SHADOWS_OFF LIGHTMAP_OFF DIRLIGHTMAP_OFF DYNAMICLIGHTMAP_OFF _TERRAIN_NORMAL_MAP ok=1
Cmd: compileSnippet
  api=0 type=1 insize=63853 outsize=6 kw=DIRECTIONAL SHADOWS_OFF LIGHTMAP_OFF DIRLIGHTMAP_OFF DYNAMICLIGHTMAP_ON _TERRAIN_NORMAL_MAP ok=1
Cmd: compileSnippet
  api=1 type=1 insize=63853 outsize=1350 kw=DIRECTIONAL SHADOWS_SCREEN LIGHTMAP_OFF DIRLIGHTMAP_OFF DYNAMICLIGHTMAP_OFF _TERRAIN_NORMAL_MAP ok=1
Cmd: compileSnippet
  api=4 type=0 insize=40291 outsize=3240 kw=DIRECTIONAL ok=1
Cmd: compileSnippet
  api=4 type=0 insize=40291 outsize=3240 kw=POINT_COOKIE ok=1
Cmd: compileSnippet
  api=0 type=0 insize=40291 outsize=4560 kw=POINT _TERRAIN_NORMAL_MAP ok=1
Cmd: compileSnippet
  api=0 type=1 insize=40291 outsize=6 kw=DIRECTIONAL ok=1
Cmd: compileSnippet
  api=4 type=1 insize=40291 outsize=3663 kw=SPOT ok=1
Cmd: compileSnippet
  api=1 type=1 insize=40291 outsize=1132 kw=DIRECTIONAL _TERRAIN_NORMAL_MAP ok=1
Cmd: compileSnippet
  api=0 type=1 insize=40291 outsize=6 kw=DIRECTIONAL_COOKIE _TERRAIN_NORMAL_MAP ok=1
Cmd: compileSnippet
  api=1 type=0 insize=36319 outsize=679 kw= ok=1
Cmd: compileSnippet
  api=4 type=1 insize=36319 outsize=2574 kw=_TERRAIN_NORMAL_MAP ok=1
Cmd: compileSnippet
  api=0 type=0 insize=31178 outsize=3292 kw=DIRECTIONAL SHADOWS_OFF LIGHTMAP_OFF DIRLIGHTMAP_OFF DYNAMICLIGHTMAP_ON ok=1
Cmd: compileSnippet
  api=1 type=0 insize=31178 outsize=817 kw=DIRECTIONAL SHADOWS_SCREEN LIGHTMAP_OFF DIRLIGHTMAP_OFF DYNAMICLIGHTMAP_ON VERTEXLIGHT_ON ok=1
Cmd: compileSnippet
  api=0 type=1 insize=31178 outsize=6 kw=DIRECTIONAL SHADOWS_OFF LIGHTMAP_OFF DIRLIGHTMAP_OFF DYNAMICLIGHTMAP_OFF ok=1
Cmd: compileSnippet
  api=4 type=1 insize=31178 outsize=2850 kw=DIRECTIONAL SHADOWS_SCREEN LIGHTMAP_OFF DIRLIGHTMAP_OFF DYNAMICLIGHTMAP_OFF ok=1
Cmd: compileSnippet
  api=4 type=0 insize=18179 outsize=3240 kw=POINT ok=1
Cmd: compileSnippet
  api=8 type=0 insize=18179 outsize=4542 kw=SPOT ok=1
Cmd: compileSnippet
  api=1 type=0 insize=18179 outsize=469 kw=DIRECTIONAL_COOKIE ok=1
Cmd: compileSnippet
  api=1 type=1 insize=18179 outsize=862 kw=POINT ok=1
Cmd: compileSnippet
  api=4 type=1 insize=18179 outsize=3354 kw=POINT_COOKIE ok=1
Cmd: compileSnippet
  api=1 type=0 insize=63517 outsize=668 kw=DIRECTIONAL SHADOWS_OFF LIGHTMAP_OFF DIRLIGHTMAP_OFF DYNAMICLIGHTMAP_ON ok=1
Cmd: compileSnippet
  api=4 type=0 insize=63517 outsize=4386 kw=DIRECTIONAL SHADOWS_SCREEN LIGHTMAP_OFF DIRLIGHTMAP_OFF DYNAMICLIGHTMAP_OFF ok=1
Cmd: compileSnippet
  api=4 type=0 insize=63517 outsize=5450 kw=DIRECTIONAL SHADOWS_OFF LIGHTMAP_OFF DIRLIGHTMAP_OFF DYNAMICLIGHTMAP_OFF VERTEXLIGHT_ON ok=1
Cmd: compileSnippet
  api=4 type=0 insize=63517 outsize=3525 kw=DIRECTIONAL SHADOWS_OFF LIGHTMAP_OFF DIRLIGHTMAP_OFF DYNAMICLIGHTMAP_ON VERTEXLIGHT_ON ok=1
Cmd: compileSnippet
  api=1 type=0 insize=63517 outsize=1424 kw=DIRECTIONAL SHADOWS_SCREEN LIGHTMAP_OFF DIRLIGHTMAP_OFF DYNAMICLIGHTMAP_OFF VERTEXLIGHT_ON ok=1
Cmd: compileSnippet
  api=0 type=0 insize=63517 outsize=3654 kw=DIRECTIONAL SHADOWS_SCREEN LIGHTMAP_OFF DIRLIGHTMAP_OFF DYNAMICLIGHTMAP_ON VERTEXLIGHT_ON ok=1
Cmd: compileSnippet
  api=0 type=0 insize=63517 outsize=4906 kw=DIRECTIONAL SHADOWS_OFF LIGHTMAP_OFF DIRLIGHTMAP_OFF DYNAMICLIGHTMAP_ON VERTEXLIGHT_ON _TERRAIN_NORMAL_MAP ok=1
Cmd: compileSnippet
  api=1 type=1 insize=63517 outsize=822 kw=DIRECTIONAL SHADOWS_SCREEN LIGHTMAP_OFF DIRLIGHTMAP_OFF DYNAMICLIGHTMAP_OFF ok=1
Cmd: compileSnippet
  api=0 type=1 insize=63517 outsize=6 kw=DIRECTIONAL SHADOWS_OFF LIGHTMAP_OFF DIRLIGHTMAP_OFF DYNAMICLIGHTMAP_ON _TERRAIN_NORMAL_MAP ok=1
Cmd: compileSnippet
  api=1 type=1 insize=63517 outsize=1324 kw=DIRECTIONAL SHADOWS_SCREEN LIGHTMAP_OFF DIRLIGHTMAP_OFF DYNAMICLIGHTMAP_OFF _TERRAIN_NORMAL_MAP ok=1
Cmd: compileSnippet
  api=1 type=0 insize=39955 outsize=563 kw=DIRECTIONAL ok=1
Cmd: compileSnippet
  api=4 type=0 insize=39955 outsize=3240 kw=SPOT ok=1
Cmd: compileSnippet
  api=4 type=0 insize=39955 outsize=3240 kw=DIRECTIONAL_COOKIE ok=1
Cmd: compileSnippet
  api=4 type=0 insize=39955 outsize=4402 kw=POINT _TERRAIN_NORMAL_MAP ok=1
Cmd: compileSnippet
  api=1 type=0 insize=39955 outsize=1000 kw=DIRECTIONAL _TERRAIN_NORMAL_MAP ok=1
Cmd: compileSnippet
  api=4 type=0 insize=39955 outsize=4402 kw=DIRECTIONAL _TERRAIN_NORMAL_MAP ok=1
Cmd: compileSnippet
  api=1 type=0 insize=39955 outsize=1000 kw=SPOT _TERRAIN_NORMAL_MAP ok=1
Cmd: compileSnippet
  api=1 type=0 insize=39955 outsize=1000 kw=POINT_COOKIE _TERRAIN_NORMAL_MAP ok=1
Cmd: compileSnippet
  api=1 type=0 insize=39955 outsize=1000 kw=DIRECTIONAL_COOKIE _TERRAIN_NORMAL_MAP ok=1
Cmd: compileSnippet
  api=0 type=1 insize=39955 outsize=6 kw=SPOT ok=1
Cmd: compileSnippet
  api=4 type=1 insize=39955 outsize=3557 kw=SPOT ok=1
Cmd: compileSnippet
  api=4 type=1 insize=39955 outsize=3736 kw=DIRECTIONAL _TERRAIN_NORMAL_MAP ok=1
Cmd: compileSnippet
  api=4 type=0 insize=35983 outsize=2972 kw= ok=1
Cmd: compileSnippet
  api=0 type=1 insize=35983 outsize=6 kw=_TERRAIN_NORMAL_MAP ok=1
Cmd: compileSnippet
  api=4 type=0 insize=31010 outsize=4150 kw=DIRECTIONAL SHADOWS_OFF LIGHTMAP_OFF DIRLIGHTMAP_OFF DYNAMICLIGHTMAP_OFF ok=1
Cmd: compileSnippet
  api=1 type=0 insize=31010 outsize=817 kw=DIRECTIONAL SHADOWS_SCREEN LIGHTMAP_OFF DIRLIGHTMAP_OFF DYNAMICLIGHTMAP_ON ok=1
Cmd: compileSnippet
  api=4 type=0 insize=31010 outsize=5605 kw=DIRECTIONAL SHADOWS_OFF LIGHTMAP_OFF DIRLIGHTMAP_OFF DYNAMICLIGHTMAP_OFF VERTEXLIGHT_ON ok=1
Cmd: compileSnippet
  api=1 type=0 insize=31010 outsize=668 kw=DIRECTIONAL SHADOWS_OFF LIGHTMAP_OFF DIRLIGHTMAP_OFF DYNAMICLIGHTMAP_ON VERTEXLIGHT_ON ok=1
Cmd: compileSnippet
  api=4 type=0 insize=31010 outsize=3525 kw=DIRECTIONAL SHADOWS_OFF LIGHTMAP_OFF DIRLIGHTMAP_OFF DYNAMICLIGHTMAP_ON VERTEXLIGHT_ON ok=1
Cmd: compileSnippet
  api=1 type=0 insize=31010 outsize=1345 kw=DIRECTIONAL SHADOWS_SCREEN LIGHTMAP_OFF DIRLIGHTMAP_OFF DYNAMICLIGHTMAP_OFF VERTEXLIGHT_ON ok=1
Cmd: compileSnippet
  api=4 type=0 insize=31010 outsize=3915 kw=DIRECTIONAL SHADOWS_SCREEN LIGHTMAP_OFF DIRLIGHTMAP_OFF DYNAMICLIGHTMAP_ON VERTEXLIGHT_ON ok=1
Cmd: compileSnippet
  api=4 type=1 insize=31010 outsize=2428 kw=DIRECTIONAL SHADOWS_OFF LIGHTMAP_OFF DIRLIGHTMAP_OFF DYNAMICLIGHTMAP_OFF ok=1
Cmd: compileSnippet
  api=4 type=0 insize=18011 outsize=3240 kw=POINT ok=1
Cmd: compileSnippet
  api=4 type=0 insize=18011 outsize=3240 kw=SPOT ok=1
Cmd: compileSnippet
  api=8 type=0 insize=18011 outsize=4542 kw=POINT_COOKIE ok=1
Cmd: compileSnippet
  api=0 type=1 insize=18011 outsize=6 kw=POINT ok=1
Cmd: compileSnippet
  api=0 type=1 insize=18011 outsize=6 kw=SPOT ok=1
Cmd: compileSnippet
  api=4 type=1 insize=18011 outsize=3557 kw=SPOT ok=1
Cmd: compileSnippet
  api=8 type=0 insize=16055 outsize=4266 kw= ok=1
Cmd: compileSnippet
  api=8 type=0 insize=1041 outsize=3283 kw= ok=1
Cmd: compileSnippet
  api=8 type=0 insize=607 outsize=5403 kw= ok=1
Cmd: compileSnippet
  api=4 type=0 insize=613 outsize=4028 kw= ok=1
Cmd: compileSnippet
  api=8 type=0 insize=1722 outsize=5062 kw= ok=1
Cmd: compileSnippet
  api=1 type=0 insize=7509 outsize=1765 kw=DIRECTIONAL SHADOWS_OFF LIGHTMAP_OFF DIRLIGHTMAP_OFF DYNAMICLIGHTMAP_OFF ok=1
Cmd: compileSnippet
  api=8 type=0 insize=7509 outsize=13472 kw=DIRECTIONAL SHADOWS_OFF LIGHTMAP_OFF DIRLIGHTMAP_OFF DYNAMICLIGHTMAP_OFF VERTEXLIGHT_ON ok=1
Cmd: compileSnippet
  api=1 type=0 insize=5077 outsize=1564 kw=POINT ok=1
Cmd: compileSnippet
  api=8 type=0 insize=5077 outsize=9767 kw=SPOT ok=1
Cmd: compileSnippet
  api=0 type=0 insize=5077 outsize=5272 kw=DIRECTIONAL_COOKIE ok=1
Cmd: compileSnippet
  api=1 type=1 insize=5077 outsize=1219 kw=SPOT ok=1
Cmd: compileSnippet
  api=0 type=1 insize=5077 outsize=6 kw=DIRECTIONAL_COOKIE ok=1
Cmd: compileSnippet
  api=1 type=1 insize=5077 outsize=1004 kw=DIRECTIONAL_COOKIE ok=1
Cmd: compileSnippet
  api=4 type=0 insize=4234 outsize=6474 kw= ok=1
Cmd: compileSnippet
  api=0 type=0 insize=6389 outsize=4727 kw=LIGHTMAP_OFF DIRLIGHTMAP_OFF DYNAMICLIGHTMAP_OFF HDR_LIGHT_PREPASS_OFF ok=1
Cmd: compileSnippet
  api=4 type=1 insize=6389 outsize=1818 kw=LIGHTMAP_OFF DIRLIGHTMAP_OFF DYNAMICLIGHTMAP_OFF UNITY_HDR_ON ok=1
Cmd: compileSnippet
  api=1 type=0 insize=7412 outsize=1800 kw=LIGHTMAP_OFF DIRLIGHTMAP_OFF DYNAMICLIGHTMAP_OFF UNITY_HDR_ON ok=1
Cmd: compileSnippet
  api=0 type=1 insize=7412 outsize=6 kw=LIGHTMAP_OFF DIRLIGHTMAP_OFF DYNAMICLIGHTMAP_OFF HDR_LIGHT_PREPASS_OFF ok=1
Cmd: compileSnippet
  api=0 type=0 insize=3071 outsize=3557 kw=SHADOWS_DEPTH ok=1
Cmd: compileSnippet
  api=4 type=1 insize=3071 outsize=730 kw=SHADOWS_CUBE ok=1
Cmd: compileSnippet
  api=1 type=0 insize=65644 outsize=668 kw=DIRECTIONAL SHADOWS_OFF LIGHTMAP_OFF DIRLIGHTMAP_OFF DYNAMICLIGHTMAP_ON ok=1
Cmd: compileSnippet
  api=4 type=0 insize=65644 outsize=4386 kw=DIRECTIONAL SHADOWS_SCREEN LIGHTMAP_OFF DIRLIGHTMAP_OFF DYNAMICLIGHTMAP_OFF ok=1
Cmd: compileSnippet
  api=0 type=0 insize=65644 outsize=3558 kw=DIRECTIONAL SHADOWS_OFF LIGHTMAP_OFF DIRLIGHTMAP_OFF DYNAMICLIGHTMAP_ON VERTEXLIGHT_ON ok=1
Cmd: compileSnippet
  api=1 type=0 insize=65644 outsize=1052 kw=DIRECTIONAL SHADOWS_OFF LIGHTMAP_OFF DIRLIGHTMAP_OFF DYNAMICLIGHTMAP_ON _TERRAIN_NORMAL_MAP ok=1
Cmd: compileSnippet
  api=4 type=0 insize=65644 outsize=5556 kw=DIRECTIONAL SHADOWS_SCREEN LIGHTMAP_OFF DIRLIGHTMAP_OFF DYNAMICLIGHTMAP_OFF _TERRAIN_NORMAL_MAP ok=1
Cmd: compileSnippet
  api=0 type=0 insize=65644 outsize=6584 kw=DIRECTIONAL SHADOWS_OFF LIGHTMAP_OFF DIRLIGHTMAP_OFF DYNAMICLIGHTMAP_OFF VERTEXLIGHT_ON _TERRAIN_NORMAL_MAP ok=1
Cmd: compileSnippet
  api=4 type=1 insize=65644 outsize=3809 kw=DIRECTIONAL SHADOWS_OFF LIGHTMAP_OFF DIRLIGHTMAP_OFF DYNAMICLIGHTMAP_ON ok=1
Cmd: compileSnippet
  api=1 type=1 insize=65644 outsize=1567 kw=DIRECTIONAL SHADOWS_OFF LIGHTMAP_OFF DIRLIGHTMAP_OFF DYNAMICLIGHTMAP_OFF _TERRAIN_NORMAL_MAP ok=1
Cmd: compileSnippet
  api=0 type=0 insize=41746 outsize=3284 kw=POINT ok=1
Cmd: compileSnippet
  api=4 type=0 insize=41746 outsize=4402 kw=SPOT _TERRAIN_NORMAL_MAP ok=1
Cmd: compileSnippet
  api=4 type=0 insize=41746 outsize=4402 kw=DIRECTIONAL_COOKIE _TERRAIN_NORMAL_MAP ok=1
Cmd: compileSnippet
  api=0 type=1 insize=41746 outsize=6 kw=DIRECTIONAL ok=1
Cmd: compileSnippet
  api=1 type=1 insize=41746 outsize=1095 kw=POINT_COOKIE ok=1
Cmd: compileSnippet
  api=4 type=1 insize=41746 outsize=4687 kw=DIRECTIONAL _TERRAIN_NORMAL_MAP ok=1
Cmd: compileSnippet
  api=0 type=0 insize=37086 outsize=3448 kw= ok=1
Cmd: compileSnippet
  api=1 type=0 insize=65980 outsize=766 kw=DIRECTIONAL SHADOWS_OFF LIGHTMAP_OFF DIRLIGHTMAP_OFF DYNAMICLIGHTMAP_OFF ok=1
Cmd: compileSnippet
  api=0 type=0 insize=65980 outsize=4127 kw=DIRECTIONAL SHADOWS_SCREEN LIGHTMAP_OFF DIRLIGHTMAP_OFF DYNAMICLIGHTMAP_ON ok=1
Cmd: compileSnippet
  api=0 type=0 insize=65980 outsize=5761 kw=DIRECTIONAL SHADOWS_OFF LIGHTMAP_OFF DIRLIGHTMAP_OFF DYNAMICLIGHTMAP_OFF _TERRAIN_NORMAL_MAP ok=1
Cmd: compileSnippet
  api=1 type=0 insize=65980 outsize=1201 kw=DIRECTIONAL SHADOWS_SCREEN LIGHTMAP_OFF DIRLIGHTMAP_OFF DYNAMICLIGHTMAP_ON VERTEXLIGHT_ON _TERRAIN_NORMAL_MAP ok=1
Cmd: compileSnippet
  api=0 type=1 insize=65980 outsize=6 kw=DIRECTIONAL SHADOWS_OFF LIGHTMAP_OFF DIRLIGHTMAP_OFF DYNAMICLIGHTMAP_OFF ok=1
Cmd: compileSnippet
  api=4 type=1 insize=65980 outsize=4207 kw=DIRECTIONAL SHADOWS_SCREEN LIGHTMAP_OFF DIRLIGHTMAP_OFF DYNAMICLIGHTMAP_OFF ok=1
Cmd: compileSnippet
  api=0 type=1 insize=65980 outsize=6 kw=DIRECTIONAL SHADOWS_OFF LIGHTMAP_OFF DIRLIGHTMAP_OFF DYNAMICLIGHTMAP_ON _TERRAIN_NORMAL_MAP ok=1
Cmd: compileSnippet
  api=1 type=1 insize=65980 outsize=1680 kw=DIRECTIONAL SHADOWS_SCREEN LIGHTMAP_OFF DIRLIGHTMAP_OFF DYNAMICLIGHTMAP_OFF _TERRAIN_NORMAL_MAP ok=1
Cmd: compileSnippet
  api=0 type=0 insize=42082 outsize=3014 kw=DIRECTIONAL ok=1
Cmd: compileSnippet
  api=4 type=0 insize=42082 outsize=4402 kw=DIRECTIONAL _TERRAIN_NORMAL_MAP ok=1
Cmd: compileSnippet
  api=0 type=0 insize=42082 outsize=4846 kw=DIRECTIONAL_COOKIE _TERRAIN_NORMAL_MAP ok=1
Cmd: compileSnippet
  api=0 type=1 insize=42082 outsize=6 kw=SPOT ok=1
Cmd: compileSnippet
  api=0 type=1 insize=42082 outsize=6 kw=POINT_COOKIE ok=1
Cmd: compileSnippet
  api=4 type=1 insize=42082 outsize=4264 kw=POINT_COOKIE ok=1
Cmd: compileSnippet
  api=0 type=1 insize=42082 outsize=6 kw=SPOT _TERRAIN_NORMAL_MAP ok=1
Cmd: compileSnippet
  api=1 type=1 insize=42082 outsize=1809 kw=SPOT _TERRAIN_NORMAL_MAP ok=1
Cmd: compileSnippet
  api=4 type=0 insize=37422 outsize=5133 kw=_TERRAIN_NORMAL_MAP ok=1
Cmd: compileSnippet
  api=1 type=0 insize=7037 outsize=580 kw=DIRECTIONAL SHADOWS_OFF LIGHTMAP_OFF DIRLIGHTMAP_OFF DYNAMICLIGHTMAP_OFF ok=1
Cmd: compileSnippet
  api=1 type=0 insize=7037 outsize=708 kw=DIRECTIONAL SHADOWS_SCREEN LIGHTMAP_OFF DIRLIGHTMAP_OFF DYNAMICLIGHTMAP_OFF ok=1
Cmd: compileSnippet
  api=0 type=0 insize=7037 outsize=3557 kw=DIRECTIONAL SHADOWS_OFF LIGHTMAP_OFF DIRLIGHTMAP_OFF DYNAMICLIGHTMAP_OFF VERTEXLIGHT_ON ok=1
Cmd: compileSnippet
  api=0 type=1 insize=7037 outsize=6 kw=DIRECTIONAL SHADOWS_OFF LIGHTMAP_OFF DIRLIGHTMAP_OFF DYNAMICLIGHTMAP_OFF ok=1
Cmd: compileSnippet
  api=1 type=1 insize=7037 outsize=583 kw=DIRECTIONAL SHADOWS_SCREEN LIGHTMAP_OFF DIRLIGHTMAP_OFF DYNAMICLIGHTMAP_OFF ok=1
Cmd: compileSnippet
  api=0 type=0 insize=3832 outsize=1788 kw=DIRECTIONAL ok=1
Cmd: compileSnippet
  api=1 type=1 insize=3832 outsize=493 kw=DIRECTIONAL ok=1
Cmd: compileSnippet
  api=8 type=1 insize=3832 outsize=4843 kw=SPOT ok=1
Cmd: compileSnippet
  api=4 type=1 insize=2904 outsize=722 kw= ok=1
Cmd: compileSnippet
  api=1 type=0 insize=6076 outsize=862 kw=LIGHTMAP_OFF DIRLIGHTMAP_OFF DYNAMICLIGHTMAP_ON HDR_LIGHT_PREPASS_OFF ok=1
Cmd: compileSnippet
  api=8 type=0 insize=6076 outsize=5810 kw=LIGHTMAP_OFF DIRLIGHTMAP_OFF DYNAMICLIGHTMAP_OFF UNITY_HDR_ON ok=1
Cmd: compileSnippet
  api=1 type=1 insize=6076 outsize=341 kw=LIGHTMAP_OFF DIRLIGHTMAP_OFF DYNAMICLIGHTMAP_OFF HDR_LIGHT_PREPASS_OFF ok=1
Cmd: compileSnippet
  api=0 type=1 insize=6076 outsize=6 kw=LIGHTMAP_OFF DIRLIGHTMAP_OFF DYNAMICLIGHTMAP_ON UNITY_HDR_ON ok=1
Cmd: compileSnippet
  api=4 type=0 insize=3095 outsize=2468 kw= ok=1
Cmd: compileSnippet
  api=4 type=0 insize=141004 outsize=3996 kw=DIRECTIONAL SHADOWS_OFF LIGHTMAP_OFF DIRLIGHTMAP_OFF DYNAMICLIGHTMAP_OFF ok=1
Cmd: compileSnippet
  api=4 type=0 insize=141004 outsize=3915 kw=DIRECTIONAL SHADOWS_SCREEN LIGHTMAP_OFF DIRLIGHTMAP_OFF DYNAMICLIGHTMAP_ON ok=1
Cmd: compileSnippet
  api=0 type=0 insize=141004 outsize=9312 kw=DIRECTIONAL SHADOWS_OFF LIGHTMAP_OFF DIRLIGHTMAP_OFF DYNAMICLIGHTMAP_ON VERTEXLIGHT_ON ok=1
Cmd: compileSnippet
  api=1 type=0 insize=141004 outsize=915 kw=DIRECTIONAL SHADOWS_SCREEN LIGHTMAP_OFF DIRLIGHTMAP_OFF DYNAMICLIGHTMAP_OFF _TERRAIN_OVERRIDE_SMOOTHNESS ok=1
Cmd: compileSnippet
  api=4 type=0 insize=141004 outsize=3915 kw=DIRECTIONAL SHADOWS_SCREEN LIGHTMAP_OFF DIRLIGHTMAP_OFF DYNAMICLIGHTMAP_ON _TERRAIN_OVERRIDE_SMOOTHNESS ok=1
Cmd: compileSnippet
  api=1 type=0 insize=141004 outsize=1275 kw=DIRECTIONAL SHADOWS_OFF LIGHTMAP_OFF DIRLIGHTMAP_OFF DYNAMICLIGHTMAP_OFF VERTEXLIGHT_ON _TERRAIN_OVERRIDE_SMOOTHNESS ok=1
Cmd: compileSnippet
  api=4 type=0 insize=141004 outsize=5450 kw=DIRECTIONAL SHADOWS_OFF LIGHTMAP_OFF DIRLIGHTMAP_OFF DYNAMICLIGHTMAP_OFF VERTEXLIGHT_ON _TERRAIN_OVERRIDE_SMOOTHNESS ok=1
Cmd: compileSnippet
  api=0 type=0 insize=141004 outsize=11178 kw=DIRECTIONAL SHADOWS_SCREEN LIGHTMAP_OFF DIRLIGHTMAP_OFF DYNAMICLIGHTMAP_OFF VERTEXLIGHT_ON _TERRAIN_OVERRIDE_SMOOTHNESS ok=1
Cmd: compileSnippet
  api=0 type=0 insize=141004 outsize=12313 kw=DIRECTIONAL SHADOWS_OFF LIGHTMAP_OFF DIRLIGHTMAP_OFF DYNAMICLIGHTMAP_OFF VERTEXLIGHT_ON _TERRAIN_NORMAL_MAP ok=1
Cmd: compileSnippet
  api=1 type=0 insize=141004 outsize=1316 kw=DIRECTIONAL SHADOWS_SCREEN LIGHTMAP_OFF DIRLIGHTMAP_OFF DYNAMICLIGHTMAP_OFF _TERRAIN_OVERRIDE_SMOOTHNESS _TERRAIN_NORMAL_MAP ok=1
Cmd: compileSnippet
  api=1 type=0 insize=141004 outsize=1201 kw=DIRECTIONAL SHADOWS_SCREEN LIGHTMAP_OFF DIRLIGHTMAP_OFF DYNAMICLIGHTMAP_ON _TERRAIN_OVERRIDE_SMOOTHNESS _TERRAIN_NORMAL_MAP ok=1
Cmd: compileSnippet
  api=4 type=0 insize=141004 outsize=5125 kw=DIRECTIONAL SHADOWS_SCREEN LIGHTMAP_OFF DIRLIGHTMAP_OFF DYNAMICLIGHTMAP_ON _TERRAIN_OVERRIDE_SMOOTHNESS _TERRAIN_NORMAL_MAP ok=1
Cmd: compileSnippet
  api=4 type=0 insize=141004 outsize=6580 kw=DIRECTIONAL SHADOWS_OFF LIGHTMAP_OFF DIRLIGHTMAP_OFF DYNAMICLIGHTMAP_OFF VERTEXLIGHT_ON _TERRAIN_OVERRIDE_SMOOTHNESS _TERRAIN_NORMAL_MAP ok=1
Cmd: compileSnippet
  api=0 type=0 insize=141004 outsize=12852 kw=DIRECTIONAL SHADOWS_SCREEN LIGHTMAP_OFF DIRLIGHTMAP_OFF DYNAMICLIGHTMAP_OFF VERTEXLIGHT_ON _TERRAIN_OVERRIDE_SMOOTHNESS _TERRAIN_NORMAL_MAP ok=1
Cmd: compileSnippet
  api=1 type=1 insize=141004 outsize=3899 kw=DIRECTIONAL SHADOWS_SCREEN LIGHTMAP_OFF DIRLIGHTMAP_OFF DYNAMICLIGHTMAP_OFF ok=1
Cmd: compileSnippet
  api=0 type=1 insize=141004 outsize=6 kw=DIRECTIONAL SHADOWS_OFF LIGHTMAP_OFF DIRLIGHTMAP_OFF DYNAMICLIGHTMAP_ON _TERRAIN_OVERRIDE_SMOOTHNESS ok=1
Cmd: compileSnippet
  api=1 type=1 insize=141004 outsize=3920 kw=DIRECTIONAL SHADOWS_SCREEN LIGHTMAP_OFF DIRLIGHTMAP_OFF DYNAMICLIGHTMAP_OFF _TERRAIN_OVERRIDE_SMOOTHNESS ok=1
Cmd: compileSnippet
  api=4 type=1 insize=141004 outsize=13023 kw=DIRECTIONAL SHADOWS_SCREEN LIGHTMAP_OFF DIRLIGHTMAP_OFF DYNAMICLIGHTMAP_OFF _TERRAIN_NORMAL_MAP ok=1
Cmd: compileSnippet
  api=0 type=0 insize=93240 outsize=5324 kw=SPOT ok=1
Cmd: compileSnippet
  api=4 type=0 insize=93240 outsize=3240 kw=SPOT _TERRAIN_OVERRIDE_SMOOTHNESS ok=1
Cmd: compileSnippet
  api=4 type=0 insize=93240 outsize=3240 kw=POINT_COOKIE _TERRAIN_OVERRIDE_SMOOTHNESS ok=1
Cmd: compileSnippet
  api=1 type=0 insize=93240 outsize=1000 kw=POINT _TERRAIN_NORMAL_MAP ok=1
Cmd: compileSnippet
  api=4 type=0 insize=93240 outsize=4402 kw=DIRECTIONAL _TERRAIN_NORMAL_MAP ok=1
Cmd: compileSnippet
  api=4 type=0 insize=93240 outsize=4402 kw=SPOT _TERRAIN_NORMAL_MAP ok=1
Cmd: compileSnippet
  api=1 type=0 insize=93240 outsize=1000 kw=POINT_COOKIE _TERRAIN_NORMAL_MAP ok=1
Cmd: compileSnippet
  api=1 type=0 insize=93240 outsize=1000 kw=DIRECTIONAL_COOKIE _TERRAIN_NORMAL_MAP ok=1
Cmd: compileSnippet
  api=1 type=0 insize=93240 outsize=1000 kw=POINT _TERRAIN_OVERRIDE_SMOOTHNESS _TERRAIN_NORMAL_MAP ok=1
Cmd: compileSnippet
  api=0 type=0 insize=93240 outsize=6957 kw=SPOT _TERRAIN_OVERRIDE_SMOOTHNESS _TERRAIN_NORMAL_MAP ok=1
Cmd: compileSnippet
  api=0 type=1 insize=93240 outsize=6 kw=SPOT ok=1
Cmd: compileSnippet
  api=4 type=1 insize=93240 outsize=7750 kw=SPOT ok=1
Cmd: compileSnippet
  api=4 type=1 insize=93240 outsize=6523 kw=DIRECTIONAL _TERRAIN_OVERRIDE_SMOOTHNESS ok=1
Cmd: compileSnippet
  api=1 type=1 insize=93240 outsize=3000 kw=POINT _TERRAIN_NORMAL_MAP ok=1
Cmd: compileSnippet
  api=1 type=1 insize=93240 outsize=2905 kw=DIRECTIONAL_COOKIE _TERRAIN_NORMAL_MAP ok=1
Cmd: compileSnippet
  api=4 type=1 insize=93240 outsize=8920 kw=POINT_COOKIE _TERRAIN_OVERRIDE_SMOOTHNESS _TERRAIN_NORMAL_MAP ok=1
Cmd: compileSnippet
  api=1 type=0 insize=83980 outsize=1228 kw=_TERRAIN_NORMAL_MAP ok=1
Cmd: compileSnippet
  api=1 type=0 insize=83980 outsize=1228 kw=_TERRAIN_OVERRIDE_SMOOTHNESS _TERRAIN_NORMAL_MAP ok=1
Cmd: compileSnippet
  api=1 type=1 insize=83980 outsize=688 kw= ok=1
Cmd: compileSnippet
  api=0 type=0 insize=141676 outsize=10277 kw=DIRECTIONAL SHADOWS_SCREEN LIGHTMAP_OFF DIRLIGHTMAP_OFF DYNAMICLIGHTMAP_OFF ok=1
Cmd: compileSnippet
  api=1 type=0 insize=141676 outsize=817 kw=DIRECTIONAL SHADOWS_SCREEN LIGHTMAP_OFF DIRLIGHTMAP_OFF DYNAMICLIGHTMAP_ON VERTEXLIGHT_ON ok=1
Cmd: compileSnippet
  api=1 type=0 insize=141676 outsize=766 kw=DIRECTIONAL SHADOWS_OFF LIGHTMAP_OFF DIRLIGHTMAP_OFF DYNAMICLIGHTMAP_OFF _TERRAIN_OVERRIDE_SMOOTHNESS ok=1
Cmd: compileSnippet
  api=0 type=0 insize=141676 outsize=10308 kw=DIRECTIONAL SHADOWS_SCREEN LIGHTMAP_OFF DIRLIGHTMAP_OFF DYNAMICLIGHTMAP_OFF _TERRAIN_OVERRIDE_SMOOTHNESS ok=1
Cmd: compileSnippet
  api=4 type=0 insize=141676 outsize=3915 kw=DIRECTIONAL SHADOWS_SCREEN LIGHTMAP_OFF DIRLIGHTMAP_OFF DYNAMICLIGHTMAP_ON VERTEXLIGHT_ON _TERRAIN_OVERRIDE_SMOOTHNESS ok=1
Cmd: compileSnippet
  api=4 type=0 insize=141676 outsize=5166 kw=DIRECTIONAL SHADOWS_OFF LIGHTMAP_OFF DIRLIGHTMAP_OFF DYNAMICLIGHTMAP_OFF _TERRAIN_NORMAL_MAP ok=1
Cmd: compileSnippet
  api=1 type=0 insize=141676 outsize=1052 kw=DIRECTIONAL SHADOWS_OFF LIGHTMAP_OFF DIRLIGHTMAP_OFF DYNAMICLIGHTMAP_ON _TERRAIN_NORMAL_MAP ok=1
Cmd: compileSnippet
  api=4 type=0 insize=141676 outsize=5556 kw=DIRECTIONAL SHADOWS_SCREEN LIGHTMAP_OFF DIRLIGHTMAP_OFF DYNAMICLIGHTMAP_OFF _TERRAIN_NORMAL_MAP ok=1
Cmd: compileSnippet
  api=1 type=0 insize=141676 outsize=1707 kw=DIRECTIONAL SHADOWS_OFF LIGHTMAP_OFF DIRLIGHTMAP_OFF DYNAMICLIGHTMAP_OFF VERTEXLIGHT_ON _TERRAIN_NORMAL_MAP ok=1
Cmd: compileSnippet
  api=1 type=0 insize=141676 outsize=1052 kw=DIRECTIONAL SHADOWS_OFF LIGHTMAP_OFF DIRLIGHTMAP_OFF DYNAMICLIGHTMAP_ON VERTEXLIGHT_ON _TERRAIN_NORMAL_MAP ok=1
Cmd: compileSnippet
  api=1 type=0 insize=141676 outsize=1856 kw=DIRECTIONAL SHADOWS_SCREEN LIGHTMAP_OFF DIRLIGHTMAP_OFF DYNAMICLIGHTMAP_OFF VERTEXLIGHT_ON _TERRAIN_NORMAL_MAP ok=1
Cmd: compileSnippet
  api=1 type=0 insize=141676 outsize=1201 kw=DIRECTIONAL SHADOWS_SCREEN LIGHTMAP_OFF DIRLIGHTMAP_OFF DYNAMICLIGHTMAP_ON VERTEXLIGHT_ON _TERRAIN_NORMAL_MAP ok=1
Cmd: compileSnippet
  api=0 type=0 insize=141676 outsize=11519 kw=DIRECTIONAL SHADOWS_OFF LIGHTMAP_OFF DIRLIGHTMAP_OFF DYNAMICLIGHTMAP_OFF _TERRAIN_OVERRIDE_SMOOTHNESS _TERRAIN_NORMAL_MAP ok=1
Cmd: compileSnippet
  api=1 type=0 insize=141676 outsize=1856 kw=DIRECTIONAL SHADOWS_SCREEN LIGHTMAP_OFF DIRLIGHTMAP_OFF DYNAMICLIGHTMAP_OFF VERTEXLIGHT_ON _TERRAIN_OVERRIDE_SMOOTHNESS _TERRAIN_NORMAL_MAP ok=1
Cmd: compileSnippet
  api=0 type=0 insize=141676 outsize=11670 kw=DIRECTIONAL SHADOWS_SCREEN LIGHTMAP_OFF DIRLIGHTMAP_OFF DYNAMICLIGHTMAP_ON VERTEXLIGHT_ON _TERRAIN_OVERRIDE_SMOOTHNESS _TERRAIN_NORMAL_MAP ok=1
Cmd: compileSnippet
  api=0 type=1 insize=141676 outsize=6 kw=DIRECTIONAL SHADOWS_OFF LIGHTMAP_OFF DIRLIGHTMAP_OFF DYNAMICLIGHTMAP_ON ok=1
Cmd: compileSnippet
  api=4 type=1 insize=141676 outsize=11666 kw=DIRECTIONAL SHADOWS_SCREEN LIGHTMAP_OFF DIRLIGHTMAP_OFF DYNAMICLIGHTMAP_OFF ok=1
Cmd: compileSnippet
  api=1 type=1 insize=141676 outsize=4006 kw=DIRECTIONAL SHADOWS_SCREEN LIGHTMAP_OFF DIRLIGHTMAP_OFF DYNAMICLIGHTMAP_OFF _TERRAIN_OVERRIDE_SMOOTHNESS ok=1
Cmd: compileSnippet
  api=4 type=1 insize=141676 outsize=13128 kw=DIRECTIONAL SHADOWS_SCREEN LIGHTMAP_OFF DIRLIGHTMAP_OFF DYNAMICLIGHTMAP_OFF _TERRAIN_NORMAL_MAP ok=1
Cmd: compileSnippet
  api=1 type=0 insize=93912 outsize=563 kw=SPOT ok=1
Cmd: compileSnippet
  api=4 type=0 insize=93912 outsize=3240 kw=SPOT ok=1
Cmd: compileSnippet
  api=4 type=0 insize=93912 outsize=3240 kw=DIRECTIONAL_COOKIE ok=1
Cmd: compileSnippet
  api=4 type=0 insize=93912 outsize=3240 kw=POINT _TERRAIN_OVERRIDE_SMOOTHNESS ok=1
Cmd: compileSnippet
  api=1 type=0 insize=93912 outsize=563 kw=DIRECTIONAL _TERRAIN_OVERRIDE_SMOOTHNESS ok=1
Cmd: compileSnippet
  api=4 type=0 insize=93912 outsize=3240 kw=DIRECTIONAL _TERRAIN_OVERRIDE_SMOOTHNESS ok=1
Cmd: compileSnippet
  api=0 type=0 insize=93912 outsize=5437 kw=SPOT _TERRAIN_OVERRIDE_SMOOTHNESS ok=1
Cmd: compileSnippet
  api=1 type=0 insize=93912 outsize=1000 kw=POINT_COOKIE _TERRAIN_NORMAL_MAP ok=1
Cmd: compileSnippet
  api=1 type=0 insize=93912 outsize=1000 kw=DIRECTIONAL_COOKIE _TERRAIN_NORMAL_MAP ok=1
Cmd: compileSnippet
  api=1 type=0 insize=93912 outsize=1000 kw=POINT _TERRAIN_OVERRIDE_SMOOTHNESS _TERRAIN_NORMAL_MAP ok=1
Cmd: compileSnippet
  api=1 type=0 insize=93912 outsize=1000 kw=DIRECTIONAL _TERRAIN_OVERRIDE_SMOOTHNESS _TERRAIN_NORMAL_MAP ok=1
Cmd: compileSnippet
  api=1 type=0 insize=93912 outsize=1000 kw=SPOT _TERRAIN_OVERRIDE_SMOOTHNESS _TERRAIN_NORMAL_MAP ok=1
Cmd: compileSnippet
  api=1 type=0 insize=93912 outsize=1000 kw=POINT_COOKIE _TERRAIN_OVERRIDE_SMOOTHNESS _TERRAIN_NORMAL_MAP ok=1
Cmd: compileSnippet
  api=1 type=0 insize=93912 outsize=1000 kw=DIRECTIONAL_COOKIE _TERRAIN_OVERRIDE_SMOOTHNESS _TERRAIN_NORMAL_MAP ok=1
Cmd: compileSnippet
  api=4 type=1 insize=93912 outsize=7360 kw=POINT ok=1
Cmd: compileSnippet
  api=1 type=1 insize=93912 outsize=2414 kw=DIRECTIONAL_COOKIE ok=1
Cmd: compileSnippet
  api=4 type=1 insize=93912 outsize=7644 kw=POINT_COOKIE _TERRAIN_OVERRIDE_SMOOTHNESS ok=1
Cmd: compileSnippet
  api=4 type=1 insize=93912 outsize=9253 kw=SPOT _TERRAIN_NORMAL_MAP ok=1
Cmd: compileSnippet
  api=4 type=1 insize=93912 outsize=8148 kw=DIRECTIONAL _TERRAIN_OVERRIDE_SMOOTHNESS _TERRAIN_NORMAL_MAP ok=1
Cmd: compileSnippet
  api=1 type=0 insize=84652 outsize=679 kw= ok=1
Cmd: compileSnippet
  api=0 type=0 insize=84652 outsize=5107 kw=_TERRAIN_OVERRIDE_SMOOTHNESS _TERRAIN_NORMAL_MAP ok=1
Cmd: compileSnippet
  api=4 type=1 insize=84652 outsize=2477 kw=_TERRAIN_OVERRIDE_SMOOTHNESS ok=1
Cmd: compileSnippet
  api=1 type=0 insize=14871 outsize=508 kw=DIRECTIONAL SHADOWS_OFF LIGHTMAP_OFF DIRLIGHTMAP_OFF DYNAMICLIGHTMAP_ON ok=1
Cmd: compileSnippet
  api=1 type=0 insize=14871 outsize=657 kw=DIRECTIONAL SHADOWS_SCREEN LIGHTMAP_OFF DIRLIGHTMAP_OFF DYNAMICLIGHTMAP_ON ok=1
Cmd: compileSnippet
  api=4 type=0 insize=14871 outsize=4947 kw=DIRECTIONAL SHADOWS_OFF LIGHTMAP_OFF DIRLIGHTMAP_OFF DYNAMICLIGHTMAP_OFF VERTEXLIGHT_ON ok=1
Cmd: compileSnippet
  api=4 type=0 insize=14871 outsize=3021 kw=DIRECTIONAL SHADOWS_OFF LIGHTMAP_OFF DIRLIGHTMAP_OFF DYNAMICLIGHTMAP_ON VERTEXLIGHT_ON ok=1
Cmd: compileSnippet
  api=1 type=0 insize=14871 outsize=1264 kw=DIRECTIONAL SHADOWS_SCREEN LIGHTMAP_OFF DIRLIGHTMAP_OFF DYNAMICLIGHTMAP_OFF VERTEXLIGHT_ON ok=1
Cmd: compileSnippet
  api=4 type=0 insize=14871 outsize=5337 kw=DIRECTIONAL SHADOWS_SCREEN LIGHTMAP_OFF DIRLIGHTMAP_OFF DYNAMICLIGHTMAP_OFF VERTEXLIGHT_ON ok=1
Cmd: compileSnippet
  api=1 type=0 insize=14871 outsize=657 kw=DIRECTIONAL SHADOWS_SCREEN LIGHTMAP_OFF DIRLIGHTMAP_OFF DYNAMICLIGHTMAP_ON VERTEXLIGHT_ON ok=1
Cmd: compileSnippet
  api=4 type=0 insize=14871 outsize=3411 kw=DIRECTIONAL SHADOWS_SCREEN LIGHTMAP_OFF DIRLIGHTMAP_OFF DYNAMICLIGHTMAP_ON VERTEXLIGHT_ON ok=1
Cmd: compileSnippet
  api=0 type=0 insize=14871 outsize=8422 kw=DIRECTIONAL SHADOWS_OFF LIGHTMAP_OFF DIRLIGHTMAP_OFF DYNAMICLIGHTMAP_OFF _TERRAIN_OVERRIDE_SMOOTHNESS ok=1
Cmd: compileSnippet
  api=4 type=0 insize=14871 outsize=5337 kw=DIRECTIONAL SHADOWS_SCREEN LIGHTMAP_OFF DIRLIGHTMAP_OFF DYNAMICLIGHTMAP_OFF VERTEXLIGHT_ON _TERRAIN_OVERRIDE_SMOOTHNESS ok=1
Cmd: compileSnippet
  api=1 type=0 insize=14871 outsize=657 kw=DIRECTIONAL SHADOWS_SCREEN LIGHTMAP_OFF DIRLIGHTMAP_OFF DYNAMICLIGHTMAP_ON VERTEXLIGHT_ON _TERRAIN_OVERRIDE_SMOOTHNESS ok=1
Cmd: compileSnippet
  api=0 type=1 insize=14871 outsize=6 kw=DIRECTIONAL SHADOWS_OFF LIGHTMAP_OFF DIRLIGHTMAP_OFF DYNAMICLIGHTMAP_OFF ok=1
Cmd: compileSnippet
  api=4 type=1 insize=14871 outsize=10398 kw=DIRECTIONAL SHADOWS_SCREEN LIGHTMAP_OFF DIRLIGHTMAP_OFF DYNAMICLIGHTMAP_OFF ok=1
Cmd: compileSnippet
  api=0 type=1 insize=14871 outsize=6 kw=DIRECTIONAL SHADOWS_SCREEN LIGHTMAP_OFF DIRLIGHTMAP_OFF DYNAMICLIGHTMAP_OFF _TERRAIN_OVERRIDE_SMOOTHNESS ok=1
Cmd: compileSnippet
  api=4 type=1 insize=14871 outsize=10431 kw=DIRECTIONAL SHADOWS_SCREEN LIGHTMAP_OFF DIRLIGHTMAP_OFF DYNAMICLIGHTMAP_ON _TERRAIN_OVERRIDE_SMOOTHNESS ok=1
Cmd: compileSnippet
  api=4 type=0 insize=8465 outsize=2737 kw=DIRECTIONAL ok=1
Cmd: compileSnippet
  api=4 type=0 insize=8465 outsize=2737 kw=POINT_COOKIE ok=1
Cmd: compileSnippet
  api=0 type=0 insize=8465 outsize=3855 kw=POINT _TERRAIN_OVERRIDE_SMOOTHNESS ok=1
Cmd: compileSnippet
  api=1 type=1 insize=8465 outsize=2108 kw=SPOT ok=1
Cmd: compileSnippet
  api=0 type=1 insize=8465 outsize=6 kw=DIRECTIONAL _TERRAIN_OVERRIDE_SMOOTHNESS ok=1
Cmd: compileSnippet
  api=1 type=1 insize=8465 outsize=2145 kw=SPOT _TERRAIN_OVERRIDE_SMOOTHNESS ok=1
Cmd: compileSnippet
  api=0 type=0 insize=13095 outsize=7011 kw=LIGHTMAP_OFF DIRLIGHTMAP_OFF DYNAMICLIGHTMAP_ON HDR_LIGHT_PREPASS_OFF ok=1
Cmd: compileSnippet
  api=4 type=0 insize=13095 outsize=3021 kw=LIGHTMAP_OFF DIRLIGHTMAP_OFF DYNAMICLIGHTMAP_ON UNITY_HDR_ON _TERRAIN_OVERRIDE_SMOOTHNESS ok=1
Cmd: compileSnippet
  api=1 type=1 insize=13095 outsize=2232 kw=LIGHTMAP_OFF DIRLIGHTMAP_OFF DYNAMICLIGHTMAP_OFF HDR_LIGHT_PREPASS_OFF ok=1
Cmd: compileSnippet
  api=4 type=1 insize=13095 outsize=7425 kw=LIGHTMAP_OFF DIRLIGHTMAP_OFF DYNAMICLIGHTMAP_OFF HDR_LIGHT_PREPASS_OFF _TERRAIN_OVERRIDE_SMOOTHNESS ok=1
Cmd: compileSnippet
  api=0 type=0 insize=7049 outsize=2336 kw= ok=1
Cmd: compileSnippet
  api=8 type=0 insize=898 outsize=2381 kw= ok=1
Cmd: compileSnippet
  api=1 type=0 insize=541 outsize=172 kw=SHADOWS_CUBE ok=1
Cmd: compileSnippet
  api=8 type=1 insize=541 outsize=992 kw=SHADOWS_CUBE ok=1
Cmd: compileSnippet
  api=0 type=0 insize=6810 outsize=2758 kw=DIRECTIONAL SHADOWS_SCREEN LIGHTMAP_OFF DIRLIGHTMAP_OFF DYNAMICLIGHTMAP_OFF ok=1
Cmd: compileSnippet
  api=0 type=0 insize=6810 outsize=2509 kw=DIRECTIONAL SHADOWS_SCREEN LIGHTMAP_OFF DIRLIGHTMAP_OFF DYNAMICLIGHTMAP_ON VERTEXLIGHT_ON ok=1
Cmd: compileSnippet
  api=1 type=1 insize=6810 outsize=490 kw=DIRECTIONAL SHADOWS_OFF LIGHTMAP_OFF DIRLIGHTMAP_OFF DYNAMICLIGHTMAP_ON ok=1
Cmd: compileSnippet
  api=0 type=0 insize=3647 outsize=1476 kw=DIRECTIONAL ok=1
Cmd: compileSnippet
  api=1 type=1 insize=3647 outsize=223 kw=DIRECTIONAL ok=1
Cmd: compileSnippet
  api=0 type=1 insize=3647 outsize=6 kw=POINT_COOKIE ok=1
Cmd: compileSnippet
  api=4 type=1 insize=3647 outsize=2119 kw=POINT_COOKIE ok=1
Cmd: compileSnippet
  api=8 type=0 insize=2805 outsize=3567 kw= ok=1
Cmd: compileSnippet
  api=0 type=0 insize=5974 outsize=3156 kw=LIGHTMAP_OFF DIRLIGHTMAP_OFF DYNAMICLIGHTMAP_ON HDR_LIGHT_PREPASS_OFF ok=1
Cmd: compileSnippet
  api=0 type=1 insize=5974 outsize=6 kw=LIGHTMAP_OFF DIRLIGHTMAP_OFF DYNAMICLIGHTMAP_OFF UNITY_HDR_ON ok=1
Cmd: compileSnippet
  api=8 type=1 insize=5974 outsize=1902 kw=LIGHTMAP_OFF DIRLIGHTMAP_OFF DYNAMICLIGHTMAP_OFF UNITY_HDR_ON ok=1
Cmd: compileSnippet
  api=1 type=0 insize=5928 outsize=508 kw=LIGHTMAP_OFF DIRLIGHTMAP_OFF DYNAMICLIGHTMAP_ON HDR_LIGHT_PREPASS_OFF ok=1
Cmd: compileSnippet
  api=1 type=0 insize=5928 outsize=595 kw=LIGHTMAP_OFF DIRLIGHTMAP_OFF DYNAMICLIGHTMAP_OFF UNITY_HDR_ON ok=1
Cmd: compileSnippet
  api=4 type=0 insize=5928 outsize=3021 kw=LIGHTMAP_OFF DIRLIGHTMAP_OFF DYNAMICLIGHTMAP_ON UNITY_HDR_ON ok=1
Cmd: compileSnippet
  api=0 type=1 insize=5928 outsize=6 kw=LIGHTMAP_OFF DIRLIGHTMAP_OFF DYNAMICLIGHTMAP_ON HDR_LIGHT_PREPASS_OFF ok=1
Cmd: compileSnippet
  api=4 type=1 insize=5928 outsize=1583 kw=LIGHTMAP_OFF DIRLIGHTMAP_OFF DYNAMICLIGHTMAP_OFF UNITY_HDR_ON ok=1
Cmd: compileSnippet
  api=1 type=1 insize=2996 outsize=360 kw= ok=1
Cmd: compileSnippet
  api=0 type=0 insize=1275 outsize=2504 kw=DIRECTIONAL SHADOWS_OFF ok=1
Cmd: compileSnippet
  api=4 type=0 insize=1275 outsize=1940 kw=DIRECTIONAL_COOKIE SHADOWS_SCREEN ok=1
Cmd: compileSnippet
  api=0 type=0 insize=1275 outsize=3484 kw=POINT_COOKIE SHADOWS_CUBE ok=1
Cmd: compileSnippet
  api=0 type=1 insize=1275 outsize=6 kw=DIRECTIONAL SHADOWS_OFF ok=1
Cmd: compileSnippet
  api=1 type=1 insize=1275 outsize=1555 kw=POINT_COOKIE SHADOWS_OFF ok=1
Cmd: compileSnippet
  api=1 type=1 insize=1275 outsize=1329 kw=DIRECTIONAL SHADOWS_SCREEN ok=1
Cmd: compileSnippet
  api=4 type=1 insize=1275 outsize=4987 kw=POINT SHADOWS_CUBE ok=1
Cmd: compileSnippet
  api=4 type=1 insize=1275 outsize=6271 kw=POINT_COOKIE SHADOWS_CUBE SHADOWS_SOFT ok=1
Cmd: compileSnippet
  api=4 type=0 insize=1268 outsize=1940 kw=DIRECTIONAL SHADOWS_OFF ok=1
Cmd: compileSnippet
  api=0 type=0 insize=1268 outsize=2751 kw=DIRECTIONAL_COOKIE SHADOWS_OFF ok=1
Cmd: compileSnippet
  api=4 type=0 insize=1268 outsize=1940 kw=POINT SHADOWS_CUBE ok=1
Cmd: compileSnippet
  api=1 type=0 insize=1268 outsize=441 kw=SPOT SHADOWS_DEPTH SHADOWS_SOFT SHADOWS_NATIVE ok=1
Cmd: compileSnippet
  api=4 type=0 insize=1268 outsize=1940 kw=SPOT SHADOWS_DEPTH SHADOWS_SOFT SHADOWS_NATIVE ok=1
Cmd: compileSnippet
  api=1 type=0 insize=1268 outsize=441 kw=POINT_COOKIE SHADOWS_CUBE SHADOWS_SOFT ok=1
Cmd: compileSnippet
  api=0 type=1 insize=1268 outsize=6 kw=POINT SHADOWS_OFF ok=1
Cmd: compileSnippet
  api=4 type=1 insize=1268 outsize=5142 kw=SPOT SHADOWS_OFF ok=1
Cmd: compileSnippet
  api=0 type=1 insize=1268 outsize=6 kw=DIRECTIONAL SHADOWS_SCREEN ok=1
Cmd: compileSnippet
  api=1 type=1 insize=1268 outsize=1372 kw=DIRECTIONAL_COOKIE SHADOWS_SCREEN ok=1
Cmd: compileSnippet
  api=0 type=1 insize=1268 outsize=6 kw=POINT_COOKIE SHADOWS_CUBE ok=1
Cmd: compileSnippet
  api=1 type=1 insize=1268 outsize=1962 kw=SPOT SHADOWS_DEPTH SHADOWS_SOFT SHADOWS_NATIVE ok=1
Cmd: compileSnippet
  api=1 type=0 insize=1273 outsize=441 kw=SPOT SHADOWS_OFF ok=1
Cmd: compileSnippet
  api=1 type=0 insize=1273 outsize=441 kw=POINT_COOKIE SHADOWS_OFF ok=1
Cmd: compileSnippet
  api=1 type=0 insize=1273 outsize=441 kw=DIRECTIONAL_COOKIE SHADOWS_OFF ok=1
Cmd: compileSnippet
  api=0 type=0 insize=1273 outsize=3545 kw=SPOT SHADOWS_DEPTH SHADOWS_NATIVE ok=1
Cmd: compileSnippet
  api=0 type=0 insize=1273 outsize=4208 kw=POINT SHADOWS_CUBE SHADOWS_SOFT ok=1
Cmd: compileSnippet
  api=4 type=1 insize=1273 outsize=3890 kw=DIRECTIONAL SHADOWS_OFF ok=1
Cmd: compileSnippet
  api=1 type=1 insize=1273 outsize=1703 kw=SPOT SHADOWS_DEPTH SHADOWS_NATIVE ok=1
Cmd: compileSnippet
  api=4 type=1 insize=1273 outsize=5450 kw=POINT_COOKIE SHADOWS_CUBE ok=1
Cmd: compileSnippet
  api=0 type=0 insize=1934 outsize=3663 kw=POINT SHADOWS_OFF ok=1
Cmd: compileSnippet
  api=4 type=0 insize=1934 outsize=1940 kw=POINT SHADOWS_CUBE ok=1
Cmd: compileSnippet
  api=1 type=0 insize=1934 outsize=441 kw=SPOT SHADOWS_DEPTH SHADOWS_SOFT SHADOWS_NATIVE ok=1
Cmd: compileSnippet
  api=4 type=0 insize=1934 outsize=1940 kw=POINT SHADOWS_CUBE SHADOWS_SOFT ok=1
Cmd: compileSnippet
  api=4 type=0 insize=1934 outsize=1940 kw=POINT_COOKIE SHADOWS_CUBE SHADOWS_SOFT ok=1
Cmd: compileSnippet
  api=4 type=0 insize=1934 outsize=1940 kw=POINT SHADOWS_OFF UNITY_HDR_ON ok=1
Cmd: compileSnippet
  api=1 type=0 insize=1934 outsize=441 kw=DIRECTIONAL SHADOWS_OFF UNITY_HDR_ON ok=1
Cmd: compileSnippet
  api=4 type=0 insize=1934 outsize=1940 kw=DIRECTIONAL SHADOWS_OFF UNITY_HDR_ON ok=1
Cmd: compileSnippet
  api=0 type=0 insize=1934 outsize=3939 kw=SPOT SHADOWS_OFF UNITY_HDR_ON ok=1
Cmd: compileSnippet
  api=4 type=0 insize=1934 outsize=1940 kw=POINT SHADOWS_CUBE UNITY_HDR_ON ok=1
Cmd: compileSnippet
  api=1 type=0 insize=1934 outsize=441 kw=POINT_COOKIE SHADOWS_CUBE UNITY_HDR_ON ok=1
Cmd: compileSnippet
  api=4 type=0 insize=1934 outsize=1940 kw=POINT_COOKIE SHADOWS_CUBE UNITY_HDR_ON ok=1
Cmd: compileSnippet
  api=1 type=0 insize=1934 outsize=441 kw=SPOT SHADOWS_DEPTH SHADOWS_SOFT SHADOWS_NATIVE UNITY_HDR_ON ok=1
Cmd: compileSnippet
  api=0 type=0 insize=1934 outsize=5126 kw=POINT SHADOWS_CUBE SHADOWS_SOFT UNITY_HDR_ON ok=1
Cmd: compileSnippet
  api=1 type=1 insize=1934 outsize=2080 kw=DIRECTIONAL SHADOWS_OFF ok=1
Cmd: compileSnippet
  api=0 type=1 insize=1934 outsize=6 kw=DIRECTIONAL_COOKIE SHADOWS_OFF ok=1
Cmd: compileSnippet
  api=1 type=1 insize=1934 outsize=2385 kw=DIRECTIONAL SHADOWS_SCREEN ok=1
Cmd: compileSnippet
  api=4 type=1 insize=1934 outsize=7563 kw=POINT_COOKIE SHADOWS_CUBE ok=1
Cmd: compileSnippet
  api=4 type=1 insize=1934 outsize=6417 kw=POINT SHADOWS_OFF UNITY_HDR_ON ok=1
Cmd: compileSnippet
  api=1 type=1 insize=1934 outsize=2133 kw=DIRECTIONAL_COOKIE SHADOWS_OFF UNITY_HDR_ON ok=1
Cmd: compileSnippet
  api=0 type=1 insize=1934 outsize=6 kw=POINT SHADOWS_CUBE UNITY_HDR_ON ok=1
Cmd: compileSnippet
  api=4 type=1 insize=1934 outsize=6970 kw=POINT SHADOWS_CUBE UNITY_HDR_ON ok=1
Cmd: compileSnippet
  api=0 type=1 insize=1934 outsize=6 kw=POINT_COOKIE SHADOWS_CUBE SHADOWS_SOFT UNITY_HDR_ON ok=1
Cmd: compileSnippet
  api=1 type=1 insize=1934 outsize=2688 kw=POINT_COOKIE SHADOWS_CUBE SHADOWS_SOFT UNITY_HDR_ON ok=1
Cmd: compileSnippet
  api=1 type=1 insize=683 outsize=142 kw= ok=1
Cmd: compileSnippet
  api=4 type=1 insize=1051 outsize=949 kw= ok=1
Cmd: compileSnippet
  api=4 type=1 insize=1089 outsize=990 kw= ok=1
Cmd: compileSnippet
  api=4 type=1 insize=6481 outsize=26860 kw= ok=1
Cmd: compileSnippet
  api=1 type=1 insize=723 outsize=98 kw= ok=1
Cmd: compileSnippet
  api=1 type=1 insize=1079 outsize=346 kw= ok=1
Unhandled exception: Readfile from pipe failed. GLE=The pipe has been ended.


Quitting shader compiler process

Crashed!
